Using pre-set license
Built from '2020.3/staging' branch; Version is '2020.3.13f1 (71691879b7f5) revision 7432472'; Using compiler version '192528614'; Build Type 'Release'
OS: 'Windows 10 Pro; OS build 22000.194; Version 2009; 64bit' Language: 'en' Physical Memory: 16272 MB
BatchMode: 1, IsHumanControllingUs: 0, StartBugReporterOnCrash: 0, Is64bit: 1, IsPro: 0

 COMMAND LINE ARGUMENTS:
C:\Program Files\Unity\Hub\Editor\2020.3.13f1\Editor\Unity.exe
-adb2
-batchMode
-noUpm
-name
AssetImportWorker0
-projectPath
E:/Projects/School Projects - Unity/ParasitePlus - Copy
-logFile
Logs/AssetImportWorker0.log
-srvPort
62757
Successfully changed project path to: E:/Projects/School Projects - Unity/ParasitePlus - Copy
E:/Projects/School Projects - Unity/ParasitePlus - Copy
Using Asset Import Pipeline V2.
Refreshing native plugins compatible for Editor in 46.31 ms, found 2 plugins.
Preloading 0 native plugins for Editor in 0.00 ms.
Initialize engine version: 2020.3.13f1 (71691879b7f5)
[Subsystems] Discovering subsystems at path C:/Program Files/Unity/Hub/Editor/2020.3.13f1/Editor/Data/Resources/UnitySubsystems
[Subsystems] Discovering subsystems at path E:/Projects/School Projects - Unity/ParasitePlus - Copy/Assets
GfxDevice: creating device client; threaded=0
Direct3D:
    Version:  Direct3D 11.0 [level 11.1]
    Renderer: NVIDIA GeForce GTX 970 (ID=0x13c2)
    Vendor:   
    VRAM:     4043 MB
    Driver:   30.0.14.7212
Shader 'Universal Render Pipeline/Particles/Lit': fallback shader 'Universal Render Pipeline/Particles/SimpleLit' not found
Initialize mono
Mono path[0] = 'C:/Program Files/Unity/Hub/Editor/2020.3.13f1/Editor/Data/Managed'
Mono path[1] = 'C:/Program Files/Unity/Hub/Editor/2020.3.13f1/Editor/Data/MonoBleedingEdge/lib/mono/unityjit'
Mono config path = 'C:/Program Files/Unity/Hub/Editor/2020.3.13f1/Editor/Data/MonoBleedingEdge/etc'
Using monoOptions --debugger-agent=transport=dt_socket,embedding=1,server=y,suspend=n,address=127.0.0.1:56276
Begin MonoManager ReloadAssembly
Registering precompiled unity dll's ...
Register platform support module: C:/Program Files/Unity/Hub/Editor/2020.3.13f1/Editor/Data/PlaybackEngines/MacStandaloneSupport/UnityEditor.OSXStandalone.Extensions.dll
Register platform support module: C:/Program Files/Unity/Hub/Editor/2020.3.13f1/Editor/Data/PlaybackEngines/WindowsStandaloneSupport/UnityEditor.WindowsStandalone.Extensions.dll
Register platform support module: C:/Program Files/Unity/Hub/Editor/2020.3.13f1/Editor/Data/PlaybackEngines/LinuxStandaloneSupport/UnityEditor.LinuxStandalone.Extensions.dll
Registered in 0.001433 seconds.
Native extension for LinuxStandalone target not found
Native extension for WindowsStandalone target not found
Native extension for OSXStandalone target not found
Refreshing native plugins compatible for Editor in 38.67 ms, found 2 plugins.
Preloading 0 native plugins for Editor in 0.00 ms.
Mono: successfully reloaded assembly
- Completed reload, in  0.688 seconds
Platform modules already initialized, skipping
Registering precompiled user dll's ...
Registered in 0.002546 seconds.
Begin MonoManager ReloadAssembly
Native extension for LinuxStandalone target not found
Native extension for WindowsStandalone target not found
Native extension for OSXStandalone target not found
Refreshing native plugins compatible for Editor in 38.79 ms, found 2 plugins.
Preloading 0 native plugins for Editor in 0.00 ms.
Mono: successfully reloaded assembly
- Completed reload, in  0.751 seconds
Platform modules already initialized, skipping
========================================================================
Worker process is ready to serve import requests
Shader 'Universal Render Pipeline/Particles/Lit': fallback shader 'Universal Render Pipeline/Particles/SimpleLit' not found
Launched and connected shader compiler UnityShaderCompiler.exe after 0.03 seconds
Refreshing native plugins compatible for Editor in 0.66 ms, found 2 plugins.
Preloading 0 native plugins for Editor in 0.00 ms.
Unloading 3146 Unused Serialized files (Serialized files now loaded: 0)
System memory in use before: 140.6 MB.
System memory in use after: 140.8 MB.

Unloading 20 unused Assets to reduce memory usage. Loaded Objects now: 3585.
Total: 2.000700 ms (FindLiveObjects: 0.218600 ms CreateObjectMapping: 0.088200 ms MarkObjects: 1.676700 ms  DeleteObjects: 0.016300 ms)

AssetImportParameters requested are different than current active one (requested -> active):
  custom:framework-win-MediaFoundation: 216162199b28c13a410421893ffa2e32 -> 
  custom:video-decoder-ogg-theora: a1e56fd34408186e4bbccfd4996cb3dc -> 
  custom:container-muxer-webm: aa71ff27fc2769a1b78a27578f13a17b -> 
  custom:container-demuxer-webm: 4f35f7cbe854078d1ac9338744f61a02 -> 
  custom:container-demuxer-ogg: 62fdf1f143b41e24485cea50d1cbac27 -> 
  custom:video-encoder-webm-vp8: eb34c28f22e8b96e1ab97ce403110664 -> 
  custom:video-decoder-webm-vp8: 9c59270c3fd7afecdb556c50c9e8de78 -> 
  custom:audio-decoder-ogg-vorbis: bf7c407c2cedff20999df2af8eb42d56 -> 
  custom:audio-encoder-webm-vorbis: bf7c407c2cedff20999df2af8eb42d56 -> 
========================================================================
Received Import Request.
  path: Assets/Camera Profile.asset
  artifactKey: Guid(532c90a6b8201a54ca5e2cca6600bc77) Importer(815301076,1909f56bfc062723c751e8b465ee728b)
Start importing Assets/Camera Profile.asset using Guid(532c90a6b8201a54ca5e2cca6600bc77) Importer(815301076,1909f56bfc062723c751e8b465ee728b)  -> (artifact id: '7dd5753cba52d23b857d3b38c4f538b9') in 0.034090 seconds 
  Import took 0.050396 seconds .

========================================================================
Received Import Request.
  Time since last request: 29.756596 seconds.
  path: Assets/Scenes/NEW_BATTLE_SCENE.unity
  artifactKey: Guid(91c0dea3f7cb40249a722da347ad5c6b) Importer(815301076,1909f56bfc062723c751e8b465ee728b)
Start importing Assets/Scenes/NEW_BATTLE_SCENE.unity using Guid(91c0dea3f7cb40249a722da347ad5c6b) Importer(815301076,1909f56bfc062723c751e8b465ee728b)  -> (artifact id: 'c12718e91782867ecba548dc027f6b10') in 0.030097 seconds 
  Import took 0.033899 seconds .

========================================================================
Received Import Request.
  Time since last request: 19.695434 seconds.
  path: Assets/Sprites/Characters/gummo.png
  artifactKey: Guid(b2c6f7d2743f9fa49800fe16300f4e5d) Importer(815301076,1909f56bfc062723c751e8b465ee728b)
Start importing Assets/Sprites/Characters/gummo.png using Guid(b2c6f7d2743f9fa49800fe16300f4e5d) Importer(815301076,1909f56bfc062723c751e8b465ee728b)  -> (artifact id: '859085282294086ce64b33de3a4e45f3') in 0.024813 seconds 
  Import took 0.029014 seconds .

========================================================================
Received Import Request.
  Time since last request: 0.000145 seconds.
  path: Assets/Sprites/Characters/security_guard.png
  artifactKey: Guid(a98ec7ac1fc7a464b8cba8d4f45ed988) Importer(815301076,1909f56bfc062723c751e8b465ee728b)
Start importing Assets/Sprites/Characters/security_guard.png using Guid(a98ec7ac1fc7a464b8cba8d4f45ed988) Importer(815301076,1909f56bfc062723c751e8b465ee728b)  -> (artifact id: 'b30ff268ff1e275678263be1258f6528') in 0.007978 seconds 
  Import took 0.010854 seconds .

========================================================================
Received Import Request.
  Time since last request: 5.478317 seconds.
  path: Assets/Sprites/Characters/security_guard.png
  artifactKey: Guid(a98ec7ac1fc7a464b8cba8d4f45ed988) Importer(815301076,1909f56bfc062723c751e8b465ee728b)
Start importing Assets/Sprites/Characters/security_guard.png using Guid(a98ec7ac1fc7a464b8cba8d4f45ed988) Importer(815301076,1909f56bfc062723c751e8b465ee728b)  -> (artifact id: 'e5f21ee822d11b96319904fa68d7f534') in 0.028539 seconds 
  Import took 0.032280 seconds .

========================================================================
Received Import Request.
  Time since last request: 3.371337 seconds.
  path: Assets/Sprites/Characters/gummo.png
  artifactKey: Guid(b2c6f7d2743f9fa49800fe16300f4e5d) Importer(815301076,1909f56bfc062723c751e8b465ee728b)
Start importing Assets/Sprites/Characters/gummo.png using Guid(b2c6f7d2743f9fa49800fe16300f4e5d) Importer(815301076,1909f56bfc062723c751e8b465ee728b)  -> (artifact id: 'cdb3675916d9f73303557e1c811e4f18') in 0.008998 seconds 
  Import took 0.012809 seconds .

========================================================================
Received Import Request.
  Time since last request: 15.306835 seconds.
  path: Assets/Sprites/Characters/security_guard.png
  artifactKey: Guid(a98ec7ac1fc7a464b8cba8d4f45ed988) Importer(815301076,1909f56bfc062723c751e8b465ee728b)
Start importing Assets/Sprites/Characters/security_guard.png using Guid(a98ec7ac1fc7a464b8cba8d4f45ed988) Importer(815301076,1909f56bfc062723c751e8b465ee728b)  -> (artifact id: 'ab5085ccc13d3a547315442ac3cf2672') in 0.006301 seconds 
  Import took 0.009807 seconds .

========================================================================
Received Import Request.
  Time since last request: 58.322104 seconds.
  path: Assets/Resources/Entities/_securityGuard.prefab
  artifactKey: Guid(389140027e9d67c4f925233fe41770b3) Importer(815301076,1909f56bfc062723c751e8b465ee728b)
Start importing Assets/Resources/Entities/_securityGuard.prefab using Guid(389140027e9d67c4f925233fe41770b3) Importer(815301076,1909f56bfc062723c751e8b465ee728b)  -> (artifact id: '92f473e86df8ff5b3619399f3fa2b728') in 0.104834 seconds 
  Import took 0.108779 seconds .

========================================================================
Received Import Request.
  Time since last request: 11.431346 seconds.
  path: Assets/Database/Parasites/TutorialGuard.asset
  artifactKey: Guid(8fbdae662914f9c4d933921567e49954) Importer(815301076,1909f56bfc062723c751e8b465ee728b)
Start importing Assets/Database/Parasites/TutorialGuard.asset using Guid(8fbdae662914f9c4d933921567e49954) Importer(815301076,1909f56bfc062723c751e8b465ee728b)  -> (artifact id: '90bfcc546319cf1657b4380e3c2673c4') in 0.026744 seconds 
  Import took 0.030384 seconds .

========================================================================
Received Import Request.
  Time since last request: 83.886428 seconds.
  path: Assets/Database/Parasites/TutorialGuard.asset
  artifactKey: Guid(8fbdae662914f9c4d933921567e49954) Importer(815301076,1909f56bfc062723c751e8b465ee728b)
Start importing Assets/Database/Parasites/TutorialGuard.asset using Guid(8fbdae662914f9c4d933921567e49954) Importer(815301076,1909f56bfc062723c751e8b465ee728b)  -> (artifact id: 'cba1c2aafa6ebc4dbe01f1f34d0a0bb6') in 0.005328 seconds 
  Import took 0.008939 seconds .

========================================================================
Received Import Request.
  Time since last request: 2.755962 seconds.
  path: Assets/Database/Ablilities/Tutorial Default.asset
  artifactKey: Guid(c0dfa5d5c1ce96a489f9b7b91e57f401) Importer(815301076,1909f56bfc062723c751e8b465ee728b)
Start importing Assets/Database/Ablilities/Tutorial Default.asset using Guid(c0dfa5d5c1ce96a489f9b7b91e57f401) Importer(815301076,1909f56bfc062723c751e8b465ee728b)  -> (artifact id: '6aabf1bfe067f131efd5892b5cc2fc2d') in 0.005939 seconds 
  Import took 0.009823 seconds .

========================================================================
Received Import Request.
  Time since last request: 0.001261 seconds.
  path: Assets/Database/Ablilities/Tutorial Default.asset
  artifactKey: Guid(c0dfa5d5c1ce96a489f9b7b91e57f401) Importer(815301076,1909f56bfc062723c751e8b465ee728b)
Start importing Assets/Database/Ablilities/Tutorial Default.asset using Guid(c0dfa5d5c1ce96a489f9b7b91e57f401) Importer(815301076,1909f56bfc062723c751e8b465ee728b)  -> (artifact id: '6aabf1bfe067f131efd5892b5cc2fc2d') in 0.003513 seconds 
  Import took 0.006216 seconds .

========================================================================
Received Import Request.
  Time since last request: 95.287870 seconds.
  path: Assets/Scenes/NEW_BATTLE_SCENE.unity
  artifactKey: Guid(91c0dea3f7cb40249a722da347ad5c6b) Importer(815301076,1909f56bfc062723c751e8b465ee728b)
Start importing Assets/Scenes/NEW_BATTLE_SCENE.unity using Guid(91c0dea3f7cb40249a722da347ad5c6b) Importer(815301076,1909f56bfc062723c751e8b465ee728b)  -> (artifact id: 'b6a14d75e82023a9f3e5ac358343652b') in 0.004234 seconds 
  Import took 0.007535 seconds .

========================================================================
Received Import Request.
  Time since last request: 3.231603 seconds.
  path: Assets/Scenes/Maps/Tutorial/SwanDungeonEscape.unity
  artifactKey: Guid(909330bfede8ee64b94375345aaa1759) Importer(815301076,1909f56bfc062723c751e8b465ee728b)
Start importing Assets/Scenes/Maps/Tutorial/SwanDungeonEscape.unity using Guid(909330bfede8ee64b94375345aaa1759) Importer(815301076,1909f56bfc062723c751e8b465ee728b)  -> (artifact id: '47e0404c508c088fb7746c109abfdd13') in 0.007908 seconds 
  Import took 0.011409 seconds .

========================================================================
Received Prepare
Registering precompiled user dll's ...
Registered in 0.002639 seconds.
Begin MonoManager ReloadAssembly
Native extension for LinuxStandalone target not found
Native extension for WindowsStandalone target not found
Native extension for OSXStandalone target not found
Refreshing native plugins compatible for Editor in 0.52 ms, found 2 plugins.
Preloading 0 native plugins for Editor in 0.00 ms.
Mono: successfully reloaded assembly
- Completed reload, in  0.702 seconds
Platform modules already initialized, skipping
Shader 'Universal Render Pipeline/Particles/Lit': fallback shader 'Universal Render Pipeline/Particles/SimpleLit' not found
Refreshing native plugins compatible for Editor in 0.52 ms, found 2 plugins.
Preloading 0 native plugins for Editor in 0.00 ms.
Unloading 3018 Unused Serialized files (Serialized files now loaded: 0)
System memory in use before: 137.4 MB.
System memory in use after: 137.7 MB.

Unloading 14 unused Assets to reduce memory usage. Loaded Objects now: 3640.
Total: 2.008700 ms (FindLiveObjects: 0.215500 ms CreateObjectMapping: 0.081900 ms MarkObjects: 1.698500 ms  DeleteObjects: 0.012400 ms)

AssetImportParameters requested are different than current active one (requested -> active):
  custom:framework-win-MediaFoundation: 216162199b28c13a410421893ffa2e32 -> 
  custom:video-decoder-ogg-theora: a1e56fd34408186e4bbccfd4996cb3dc -> 
  custom:container-muxer-webm: aa71ff27fc2769a1b78a27578f13a17b -> 
  custom:container-demuxer-webm: 4f35f7cbe854078d1ac9338744f61a02 -> 
  custom:container-demuxer-ogg: 62fdf1f143b41e24485cea50d1cbac27 -> 
  custom:video-encoder-webm-vp8: eb34c28f22e8b96e1ab97ce403110664 -> 
  custom:video-decoder-webm-vp8: 9c59270c3fd7afecdb556c50c9e8de78 -> 
  custom:audio-decoder-ogg-vorbis: bf7c407c2cedff20999df2af8eb42d56 -> 
  custom:audio-encoder-webm-vorbis: bf7c407c2cedff20999df2af8eb42d56 -> 
========================================================================
Received Import Request.
  Time since last request: 93.054795 seconds.
  path: Assets/Database/Parasites/TutorialGuard.asset
  artifactKey: Guid(8fbdae662914f9c4d933921567e49954) Importer(815301076,1909f56bfc062723c751e8b465ee728b)
Start importing Assets/Database/Parasites/TutorialGuard.asset using Guid(8fbdae662914f9c4d933921567e49954) Importer(815301076,1909f56bfc062723c751e8b465ee728b)  -> (artifact id: '0e4fde6e62b3bf6ff1ebdea1acadc060') in 0.037892 seconds 
  Import took 0.041735 seconds .

========================================================================
Received Import Request.
  Time since last request: 75.702259 seconds.
  path: Assets/Database/Parasites/TutorialGuard.asset
  artifactKey: Guid(8fbdae662914f9c4d933921567e49954) Importer(815301076,1909f56bfc062723c751e8b465ee728b)
Start importing Assets/Database/Parasites/TutorialGuard.asset using Guid(8fbdae662914f9c4d933921567e49954) Importer(815301076,1909f56bfc062723c751e8b465ee728b)  -> (artifact id: 'deb3c5912cbbe2b1577d32e192a83168') in 0.005608 seconds 
  Import took 0.009414 seconds .

========================================================================
Received Prepare
Registering precompiled user dll's ...
Registered in 0.002565 seconds.
Begin MonoManager ReloadAssembly
Native extension for LinuxStandalone target not found
Native extension for WindowsStandalone target not found
Native extension for OSXStandalone target not found
Refreshing native plugins compatible for Editor in 0.53 ms, found 2 plugins.
Preloading 0 native plugins for Editor in 0.00 ms.
Mono: successfully reloaded assembly
- Completed reload, in  0.692 seconds
Platform modules already initialized, skipping
Shader 'Universal Render Pipeline/Particles/Lit': fallback shader 'Universal Render Pipeline/Particles/SimpleLit' not found
Refreshing native plugins compatible for Editor in 0.52 ms, found 2 plugins.
Preloading 0 native plugins for Editor in 0.00 ms.
Unloading 3018 Unused Serialized files (Serialized files now loaded: 0)
System memory in use before: 137.5 MB.
System memory in use after: 137.7 MB.

Unloading 14 unused Assets to reduce memory usage. Loaded Objects now: 3643.
Total: 2.005200 ms (FindLiveObjects: 0.214500 ms CreateObjectMapping: 0.081200 ms MarkObjects: 1.697200 ms  DeleteObjects: 0.011600 ms)

AssetImportParameters requested are different than current active one (requested -> active):
  custom:framework-win-MediaFoundation: 216162199b28c13a410421893ffa2e32 -> 
  custom:video-decoder-ogg-theora: a1e56fd34408186e4bbccfd4996cb3dc -> 
  custom:container-muxer-webm: aa71ff27fc2769a1b78a27578f13a17b -> 
  custom:container-demuxer-webm: 4f35f7cbe854078d1ac9338744f61a02 -> 
  custom:container-demuxer-ogg: 62fdf1f143b41e24485cea50d1cbac27 -> 
  custom:video-encoder-webm-vp8: eb34c28f22e8b96e1ab97ce403110664 -> 
  custom:video-decoder-webm-vp8: 9c59270c3fd7afecdb556c50c9e8de78 -> 
  custom:audio-decoder-ogg-vorbis: bf7c407c2cedff20999df2af8eb42d56 -> 
  custom:audio-encoder-webm-vorbis: bf7c407c2cedff20999df2af8eb42d56 -> 
========================================================================
Received Prepare
Registering precompiled user dll's ...
Registered in 0.002582 seconds.
Begin MonoManager ReloadAssembly
Native extension for LinuxStandalone target not found
Native extension for WindowsStandalone target not found
Native extension for OSXStandalone target not found
Refreshing native plugins compatible for Editor in 0.52 ms, found 2 plugins.
Preloading 0 native plugins for Editor in 0.00 ms.
Mono: successfully reloaded assembly
- Completed reload, in  0.689 seconds
Platform modules already initialized, skipping
Shader 'Universal Render Pipeline/Particles/Lit': fallback shader 'Universal Render Pipeline/Particles/SimpleLit' not found
Refreshing native plugins compatible for Editor in 0.52 ms, found 2 plugins.
Preloading 0 native plugins for Editor in 0.00 ms.
Unloading 3018 Unused Serialized files (Serialized files now loaded: 0)
System memory in use before: 137.5 MB.
System memory in use after: 137.8 MB.

Unloading 14 unused Assets to reduce memory usage. Loaded Objects now: 3646.
Total: 1.950600 ms (FindLiveObjects: 0.194100 ms CreateObjectMapping: 0.060500 ms MarkObjects: 1.684200 ms  DeleteObjects: 0.011300 ms)

AssetImportParameters requested are different than current active one (requested -> active):
  custom:framework-win-MediaFoundation: 216162199b28c13a410421893ffa2e32 -> 
  custom:video-decoder-ogg-theora: a1e56fd34408186e4bbccfd4996cb3dc -> 
  custom:container-muxer-webm: aa71ff27fc2769a1b78a27578f13a17b -> 
  custom:container-demuxer-webm: 4f35f7cbe854078d1ac9338744f61a02 -> 
  custom:container-demuxer-ogg: 62fdf1f143b41e24485cea50d1cbac27 -> 
  custom:video-encoder-webm-vp8: eb34c28f22e8b96e1ab97ce403110664 -> 
  custom:video-decoder-webm-vp8: 9c59270c3fd7afecdb556c50c9e8de78 -> 
  custom:audio-decoder-ogg-vorbis: bf7c407c2cedff20999df2af8eb42d56 -> 
  custom:audio-encoder-webm-vorbis: bf7c407c2cedff20999df2af8eb42d56 -> 
========================================================================
Received Import Request.
  Time since last request: 546.696320 seconds.
  path: Assets/Scenes/NEW_BATTLE_SCENE.unity
  artifactKey: Guid(91c0dea3f7cb40249a722da347ad5c6b) Importer(815301076,1909f56bfc062723c751e8b465ee728b)
Start importing Assets/Scenes/NEW_BATTLE_SCENE.unity using Guid(91c0dea3f7cb40249a722da347ad5c6b) Importer(815301076,1909f56bfc062723c751e8b465ee728b)  -> (artifact id: 'f1554644528a4bdf5daab4ec8a9b1307') in 0.027238 seconds 
  Import took 0.030918 seconds .

========================================================================
Received Import Request.
  Time since last request: 18.744555 seconds.
  path: Assets/Database/Parasites/TutorialGuard.asset
  artifactKey: Guid(8fbdae662914f9c4d933921567e49954) Importer(815301076,1909f56bfc062723c751e8b465ee728b)
Start importing Assets/Database/Parasites/TutorialGuard.asset using Guid(8fbdae662914f9c4d933921567e49954) Importer(815301076,1909f56bfc062723c751e8b465ee728b)  -> (artifact id: 'e62ba26204ce9b575b989a98c2ffd4ae') in 0.022947 seconds 
  Import took 0.026660 seconds .

========================================================================
Received Import Request.
  Time since last request: 23.753287 seconds.
  path: Assets/Database/Parasites/JackFrost.asset
  artifactKey: Guid(540bdebe1ba62404b8ec92b713d12625) Importer(815301076,1909f56bfc062723c751e8b465ee728b)
Start importing Assets/Database/Parasites/JackFrost.asset using Guid(540bdebe1ba62404b8ec92b713d12625) Importer(815301076,1909f56bfc062723c751e8b465ee728b)  -> (artifact id: '2c709de4f0e43c4c65b7c66ca09ec8a0') in 0.006772 seconds 
  Import took 0.104568 seconds .

========================================================================
Received Prepare
Registering precompiled user dll's ...
Registered in 0.002599 seconds.
Begin MonoManager ReloadAssembly
Native extension for LinuxStandalone target not found
Native extension for WindowsStandalone target not found
Native extension for OSXStandalone target not found
Refreshing native plugins compatible for Editor in 0.52 ms, found 2 plugins.
Preloading 0 native plugins for Editor in 0.00 ms.
Mono: successfully reloaded assembly
- Completed reload, in  0.679 seconds
Platform modules already initialized, skipping
Shader 'Universal Render Pipeline/Particles/Lit': fallback shader 'Universal Render Pipeline/Particles/SimpleLit' not found
Refreshing native plugins compatible for Editor in 0.54 ms, found 2 plugins.
Preloading 0 native plugins for Editor in 0.00 ms.
Unloading 3018 Unused Serialized files (Serialized files now loaded: 0)
System memory in use before: 137.6 MB.
System memory in use after: 137.8 MB.

Unloading 14 unused Assets to reduce memory usage. Loaded Objects now: 3649.
Total: 2.066900 ms (FindLiveObjects: 0.240100 ms CreateObjectMapping: 0.082700 ms MarkObjects: 1.732200 ms  DeleteObjects: 0.011300 ms)

AssetImportParameters requested are different than current active one (requested -> active):
  custom:framework-win-MediaFoundation: 216162199b28c13a410421893ffa2e32 -> 
  custom:video-decoder-ogg-theora: a1e56fd34408186e4bbccfd4996cb3dc -> 
  custom:container-muxer-webm: aa71ff27fc2769a1b78a27578f13a17b -> 
  custom:container-demuxer-webm: 4f35f7cbe854078d1ac9338744f61a02 -> 
  custom:container-demuxer-ogg: 62fdf1f143b41e24485cea50d1cbac27 -> 
  custom:video-encoder-webm-vp8: eb34c28f22e8b96e1ab97ce403110664 -> 
  custom:video-decoder-webm-vp8: 9c59270c3fd7afecdb556c50c9e8de78 -> 
  custom:audio-decoder-ogg-vorbis: bf7c407c2cedff20999df2af8eb42d56 -> 
  custom:audio-encoder-webm-vorbis: bf7c407c2cedff20999df2af8eb42d56 -> 
========================================================================
Received Import Request.
  Time since last request: 300.558672 seconds.
  path: Assets/Database/Parasites/TutorialGuard.asset
  artifactKey: Guid(8fbdae662914f9c4d933921567e49954) Importer(815301076,1909f56bfc062723c751e8b465ee728b)
Start importing Assets/Database/Parasites/TutorialGuard.asset using Guid(8fbdae662914f9c4d933921567e49954) Importer(815301076,1909f56bfc062723c751e8b465ee728b)  -> (artifact id: 'adbddfd8e01d56468ed2d06f1f05e49c') in 0.040870 seconds 
  Import took 0.044963 seconds .

========================================================================
Received Import Request.
  Time since last request: 67.606047 seconds.
  path: Assets/Scenes/Maps/SwanDivision/SwanFloor1.unity
  artifactKey: Guid(2454c83b86d92fe45b30c872debb2d89) Importer(815301076,1909f56bfc062723c751e8b465ee728b)
Start importing Assets/Scenes/Maps/SwanDivision/SwanFloor1.unity using Guid(2454c83b86d92fe45b30c872debb2d89) Importer(815301076,1909f56bfc062723c751e8b465ee728b)  -> (artifact id: '857524c7d7317eef81ceefcc8a673248') in 0.007227 seconds 
  Import took 0.010785 seconds .

========================================================================
Received Import Request.
  Time since last request: 11313.275835 seconds.
  path: Assets/TextMesh Pro/Resources/Fonts & Materials/league-spartan 1.mat
  artifactKey: Guid(db2adfc930a30db4ca06727ab0845584) Importer(815301076,1909f56bfc062723c751e8b465ee728b)
Start importing Assets/TextMesh Pro/Resources/Fonts & Materials/league-spartan 1.mat using Guid(db2adfc930a30db4ca06727ab0845584) Importer(815301076,1909f56bfc062723c751e8b465ee728b)  -> (artifact id: 'b873c610e8f0a877066a1bf476cbb343') in 0.136774 seconds 
  Import took 0.162651 seconds .

========================================================================
Received Import Request.
  Time since last request: 0.003147 seconds.
  path: Assets/TextMesh Pro/Resources/Fonts & Materials/league-spartan 1.mat
  artifactKey: Guid(db2adfc930a30db4ca06727ab0845584) Importer(815301076,1909f56bfc062723c751e8b465ee728b)
Start importing Assets/TextMesh Pro/Resources/Fonts & Materials/league-spartan 1.mat using Guid(db2adfc930a30db4ca06727ab0845584) Importer(815301076,1909f56bfc062723c751e8b465ee728b)  -> (artifact id: 'b873c610e8f0a877066a1bf476cbb343') in 0.014242 seconds 
  Import took 0.018245 seconds .

========================================================================
Received Import Request.
  Time since last request: 1.373658 seconds.
  path: Assets/Scripts/Shaders/TransitionSlideTopBottomMat.mat
  artifactKey: Guid(ba773949d35ba8a49b89d2a721f3485f) Importer(815301076,1909f56bfc062723c751e8b465ee728b)
Start importing Assets/Scripts/Shaders/TransitionSlideTopBottomMat.mat using Guid(ba773949d35ba8a49b89d2a721f3485f) Importer(815301076,1909f56bfc062723c751e8b465ee728b)  -> (artifact id: '1f69f1814b78f38e022548312aec9d2a') in 0.012732 seconds 
  Import took 0.038160 seconds .

========================================================================
Received Import Request.
  Time since last request: 0.002655 seconds.
  path: Assets/Scripts/Shaders/TransitionSlideTopBottomMat.mat
  artifactKey: Guid(ba773949d35ba8a49b89d2a721f3485f) Importer(815301076,1909f56bfc062723c751e8b465ee728b)
Start importing Assets/Scripts/Shaders/TransitionSlideTopBottomMat.mat using Guid(ba773949d35ba8a49b89d2a721f3485f) Importer(815301076,1909f56bfc062723c751e8b465ee728b)  -> (artifact id: '1f69f1814b78f38e022548312aec9d2a') in 0.008689 seconds 
  Import took 0.011990 seconds .

